WARNING:sim:991 - The project IP instance 'pmem' for IP 'Block Memory Generator
   v7.1' was generated with a different version of the IP than is currently in
   the IP Catalog. It was originally generated using IP with the packaged
   timestamp '2012-05-01+17:17'; the IP in the current catalog has a different
   packaged timestamp '2012-03-28+15:19'. This mismatch is due to changes made
   to the IP in the user repositories. It may affect some functionality of the
   IP, if there are differences between these two versions of the IP.
INFO:sim:172 - Generating IP...
Applying current project options...
Finished applying current project options.
ERROR:sim - Unable to find C:\Users\aaquaran\Desktop\tito\Facu\Arquitectura de
ERROR:sim -    Computadoras\Tp Final\Branches\tests\11) EndToEnd.coe
ERROR:sim -    Coregen is looking for
   C:\Users\aaquaran\Desktop\tito\Facu\Arquitectura de
ERROR:sim -    Computadoras\Tp Final\Branches\tests\11) EndToEnd.coe
ERROR:sim - Unable to find C:\Users\aaquaran\Desktop\tito\Facu\Arquitectura de
ERROR:sim -    Computadoras\Tp Final\Branches\tests\11) EndToEnd.coe
ERROR:sim -    Coregen is looking for
   C:\Users\aaquaran\Desktop\tito\Facu\Arquitectura de
ERROR:sim -    Computadoras\Tp Final\Branches\tests\11) EndToEnd.coe
ERROR:sim - An invalid core configuration has been detected during
ERROR:sim -    Customization. Core parameters will be reset to their default
   values.
Cancelled executing Tcl generator.
Wrote CGP file for project 'pmem'.
